Arguments: 
  /usr/local/bin/node /usr/local/Cellar/yarn/1.0.2/libexec/bin/yarn.js publish

PATH: 
  /usr/local/bin:/usr/bin:/bin:/usr/sbin:/sbin

Yarn version: 
  1.0.2

Node version: 
  6.11.2

Platform: 
  darwin x64

npm manifest: 
  {
    "name": "calendar-generator",
    "version": "1.1.0",
    "description": "For easily create a calendar object",
    "main": "index.js",
    "scripts": {
      "test": "echo \"Error: no test specified\" && exit 1"
    },
    "repository": {
      "type": "git",
      "url": "git+ssh://git@github.com/haha54carol/calendar-generator.git"
    },
    "keywords": [
      "calendar"
    ],
    "author": "Carol.Ni",
    "license": "ISC",
    "bugs": {
      "url": "https://github.com/haha54carol/calendar-generator/issues"
    },
    "homepage": "https://github.com/haha54carol/calendar-generator#readme",
    "dependencies": {
      "moment": "^2.19.2"
    }
  }

yarn manifest: 
  No manifest

Lockfile: 
  # THIS IS AN AUTOGENERATED FILE. DO NOT EDIT THIS FILE DIRECTLY.
  # yarn lockfile v1
  
  
  moment@^2.19.2:
    version "2.19.2"
    resolved "https://registry.yarnpkg.com/moment/-/moment-2.19.2.tgz#8a7f774c95a64550b4c7ebd496683908f9419dbe"

Trace: 
  Error: https://registry.yarnpkg.com/calendar-generator: You cannot publish over the previously published version 1.1.0.
      at Request.params.callback [as _callback] (/usr/local/Cellar/yarn/1.0.2/libexec/lib/cli.js:60302:18)
      at Request.self.callback (/usr/local/Cellar/yarn/1.0.2/libexec/lib/cli.js:117370:22)
      at emitTwo (events.js:106:13)
      at Request.emit (events.js:191:7)
      at Request.<anonymous> (/usr/local/Cellar/yarn/1.0.2/libexec/lib/cli.js:118353:10)
      at emitOne (events.js:96:13)
      at Request.emit (events.js:188:7)
      at Gunzip.<anonymous> (/usr/local/Cellar/yarn/1.0.2/libexec/lib/cli.js:118273:12)
      at Gunzip.g (events.js:292:16)
      at emitNone (events.js:91:20)
